CRITICAL - 2023-03-11 12:07:25 --> syntax error, unexpected variable "$data"
in APPPATH\Controllers\Home.php on line 40.
 1 SYSTEMPATH\Autoloader\Autoloader.php(289): CodeIgniter\Autoloader\Autoloader->includeFile('APPPATH\\Controllers\\Home.php')
 2 SYSTEMPATH\Autoloader\Autoloader.php(267): CodeIgniter\Autoloader\Autoloader->loadInNamespace('App\\Controllers\\Home')
 3 [internal function]: CodeIgniter\Autoloader\Autoloader->loadClass('App\\Controllers\\Home')
 4 SYSTEMPATH\CodeIgniter.php(892): class_exists('\\App\\Controllers\\Home', true)
 5 SYSTEMPATH\CodeIgniter.php(486): CodeIgniter\CodeIgniter->startController()
 6 SYSTEMPATH\CodeIgniter.php(368): CodeIgniter\CodeIgniter->handleRequest(null, Object(Config\Cache), false)
 7 FCPATH\index.php(67): CodeIgniter\CodeIgniter->run()
CRITICAL - 2023-03-11 12:11:03 --> Undefined array key "description"
in APPPATH\Views\movie-grid.php on line 110.
 1 APPPATH\Views\movie-grid.php(110): CodeIgniter\Debug\Exceptions->errorHandler(2, 'Undefined array key "description"', 'APPPATH\\Views\\movie-grid.php', 110)
 2 SYSTEMPATH\View\View.php(213): include('APPPATH\\Views\\movie-grid.php')
 3 SYSTEMPATH\View\View.php(216): CodeIgniter\View\View->CodeIgniter\View\{closure}()
 4 SYSTEMPATH\Common.php(1184): CodeIgniter\View\View->render('movie-grid', [], true)
 5 APPPATH\Controllers\Home.php(42): view('movie-grid', [...])
 6 SYSTEMPATH\CodeIgniter.php(934): App\Controllers\Home->latestmovies()
 7 SYSTEMPATH\CodeIgniter.php(499): CodeIgniter\CodeIgniter->runController(Object(App\Controllers\Home))
 8 SYSTEMPATH\CodeIgniter.php(368): CodeIgniter\CodeIgniter->handleRequest(null, Object(Config\Cache), false)
 9 FCPATH\index.php(67): CodeIgniter\CodeIgniter->run()
CRITICAL - 2023-03-11 12:11:42 --> Undefined array key "description"
in APPPATH\Views\movie-grid.php on line 110.
 1 APPPATH\Views\movie-grid.php(110): CodeIgniter\Debug\Exceptions->errorHandler(2, 'Undefined array key "description"', 'APPPATH\\Views\\movie-grid.php', 110)
 2 SYSTEMPATH\View\View.php(213): include('APPPATH\\Views\\movie-grid.php')
 3 SYSTEMPATH\View\View.php(216): CodeIgniter\View\View->CodeIgniter\View\{closure}()
 4 SYSTEMPATH\Common.php(1184): CodeIgniter\View\View->render('movie-grid', [], true)
 5 APPPATH\Controllers\Home.php(42): view('movie-grid', [...])
 6 SYSTEMPATH\CodeIgniter.php(934): App\Controllers\Home->latestmovies()
 7 SYSTEMPATH\CodeIgniter.php(499): CodeIgniter\CodeIgniter->runController(Object(App\Controllers\Home))
 8 SYSTEMPATH\CodeIgniter.php(368): CodeIgniter\CodeIgniter->handleRequest(null, Object(Config\Cache), false)
 9 FCPATH\index.php(67): CodeIgniter\CodeIgniter->run()
CRITICAL - 2023-03-11 12:11:44 --> Undefined array key "description"
in APPPATH\Views\movie-grid.php on line 110.
 1 APPPATH\Views\movie-grid.php(110): CodeIgniter\Debug\Exceptions->errorHandler(2, 'Undefined array key "description"', 'APPPATH\\Views\\movie-grid.php', 110)
 2 SYSTEMPATH\View\View.php(213): include('APPPATH\\Views\\movie-grid.php')
 3 SYSTEMPATH\View\View.php(216): CodeIgniter\View\View->CodeIgniter\View\{closure}()
 4 SYSTEMPATH\Common.php(1184): CodeIgniter\View\View->render('movie-grid', [], true)
 5 APPPATH\Controllers\Home.php(42): view('movie-grid', [...])
 6 SYSTEMPATH\CodeIgniter.php(934): App\Controllers\Home->latestmovies()
 7 SYSTEMPATH\CodeIgniter.php(499): CodeIgniter\CodeIgniter->runController(Object(App\Controllers\Home))
 8 SYSTEMPATH\CodeIgniter.php(368): CodeIgniter\CodeIgniter->handleRequest(null, Object(Config\Cache), false)
 9 FCPATH\index.php(67): CodeIgniter\CodeIgniter->run()
CRITICAL - 2023-03-11 12:11:55 --> Undefined array key "description"
in APPPATH\Views\movie-grid.php on line 110.
 1 APPPATH\Views\movie-grid.php(110): CodeIgniter\Debug\Exceptions->errorHandler(2, 'Undefined array key "description"', 'APPPATH\\Views\\movie-grid.php', 110)
 2 SYSTEMPATH\View\View.php(213): include('APPPATH\\Views\\movie-grid.php')
 3 SYSTEMPATH\View\View.php(216): CodeIgniter\View\View->CodeIgniter\View\{closure}()
 4 SYSTEMPATH\Common.php(1184): CodeIgniter\View\View->render('movie-grid', [], true)
 5 APPPATH\Controllers\Home.php(42): view('movie-grid', [...])
 6 SYSTEMPATH\CodeIgniter.php(934): App\Controllers\Home->latestmovies()
 7 SYSTEMPATH\CodeIgniter.php(499): CodeIgniter\CodeIgniter->runController(Object(App\Controllers\Home))
 8 SYSTEMPATH\CodeIgniter.php(368): CodeIgniter\CodeIgniter->handleRequest(null, Object(Config\Cache), false)
 9 FCPATH\index.php(67): CodeIgniter\CodeIgniter->run()
CRITICAL - 2023-03-11 12:11:56 --> Undefined array key "description"
in APPPATH\Views\movie-grid.php on line 110.
 1 APPPATH\Views\movie-grid.php(110): CodeIgniter\Debug\Exceptions->errorHandler(2, 'Undefined array key "description"', 'APPPATH\\Views\\movie-grid.php', 110)
 2 SYSTEMPATH\View\View.php(213): include('APPPATH\\Views\\movie-grid.php')
 3 SYSTEMPATH\View\View.php(216): CodeIgniter\View\View->CodeIgniter\View\{closure}()
 4 SYSTEMPATH\Common.php(1184): CodeIgniter\View\View->render('movie-grid', [], true)
 5 APPPATH\Controllers\Home.php(42): view('movie-grid', [...])
 6 SYSTEMPATH\CodeIgniter.php(934): App\Controllers\Home->latestmovies()
 7 SYSTEMPATH\CodeIgniter.php(499): CodeIgniter\CodeIgniter->runController(Object(App\Controllers\Home))
 8 SYSTEMPATH\CodeIgniter.php(368): CodeIgniter\CodeIgniter->handleRequest(null, Object(Config\Cache), false)
 9 FCPATH\index.php(67): CodeIgniter\CodeIgniter->run()
CRITICAL - 2023-03-11 12:21:43 --> Call to undefined method App\Models\AdminModel::findone
in SYSTEMPATH\Model.php on line 842.
 1 APPPATH\Controllers\Movies.php(37): CodeIgniter\Model->__call('findone', [])
 2 SYSTEMPATH\CodeIgniter.php(934): App\Controllers\Movies->details('15')
 3 SYSTEMPATH\CodeIgniter.php(499): CodeIgniter\CodeIgniter->runController(Object(App\Controllers\Movies))
 4 SYSTEMPATH\CodeIgniter.php(368): CodeIgniter\CodeIgniter->handleRequest(null, Object(Config\Cache), false)
 5 FCPATH\index.php(67): CodeIgniter\CodeIgniter->run()
CRITICAL - 2023-03-11 12:25:44 --> Too few arguments to function App\Controllers\Movies::details(), 0 passed in C:\xampp8.2\htdocs\movies\system\CodeIgniter.php on line 934 and exactly 1 expected
in APPPATH\Controllers\Movies.php on line 32.
 1 SYSTEMPATH\CodeIgniter.php(934): App\Controllers\Movies->details()
 2 SYSTEMPATH\CodeIgniter.php(499): CodeIgniter\CodeIgniter->runController(Object(App\Controllers\Movies))
 3 SYSTEMPATH\CodeIgniter.php(368): CodeIgniter\CodeIgniter->handleRequest(null, Object(Config\Cache), false)
 4 FCPATH\index.php(67): CodeIgniter\CodeIgniter->run()
CRITICAL - 2023-03-11 12:26:08 --> Undefined variable $data
in APPPATH\Controllers\Movies.php on line 44.
 1 APPPATH\Controllers\Movies.php(44): CodeIgniter\Debug\Exceptions->errorHandler(2, 'Undefined variable $data', 'APPPATH\\Controllers\\Movies.php', 44)
 2 SYSTEMPATH\CodeIgniter.php(934): App\Controllers\Movies->details()
 3 SYSTEMPATH\CodeIgniter.php(499): CodeIgniter\CodeIgniter->runController(Object(App\Controllers\Movies))
 4 SYSTEMPATH\CodeIgniter.php(368): CodeIgniter\CodeIgniter->handleRequest(null, Object(Config\Cache), false)
 5 FCPATH\index.php(67): CodeIgniter\CodeIgniter->run()
CRITICAL - 2023-03-11 12:37:19 --> Undefined variable $movieData
in APPPATH\Views\movie-detail.php on line 25.
 1 APPPATH\Views\movie-detail.php(25): CodeIgniter\Debug\Exceptions->errorHandler(2, 'Undefined variable $movieData', 'APPPATH\\Views\\movie-detail.php', 25)
 2 SYSTEMPATH\View\View.php(213): include('APPPATH\\Views\\movie-detail.php')
 3 SYSTEMPATH\View\View.php(216): CodeIgniter\View\View->CodeIgniter\View\{closure}()
 4 SYSTEMPATH\Common.php(1184): CodeIgniter\View\View->render('movie-detail', [], true)
 5 APPPATH\Controllers\Movies.php(46): view('movie-detail', [])
 6 SYSTEMPATH\CodeIgniter.php(934): App\Controllers\Movies->details()
 7 SYSTEMPATH\CodeIgniter.php(499): CodeIgniter\CodeIgniter->runController(Object(App\Controllers\Movies))
 8 SYSTEMPATH\CodeIgniter.php(368): CodeIgniter\CodeIgniter->handleRequest(null, Object(Config\Cache), false)
 9 FCPATH\index.php(67): CodeIgniter\CodeIgniter->run()
CRITICAL - 2023-03-11 12:37:26 --> Undefined variable $movieData
in APPPATH\Views\movie-detail.php on line 25.
 1 APPPATH\Views\movie-detail.php(25): CodeIgniter\Debug\Exceptions->errorHandler(2, 'Undefined variable $movieData', 'APPPATH\\Views\\movie-detail.php', 25)
 2 SYSTEMPATH\View\View.php(213): include('APPPATH\\Views\\movie-detail.php')
 3 SYSTEMPATH\View\View.php(216): CodeIgniter\View\View->CodeIgniter\View\{closure}()
 4 SYSTEMPATH\Common.php(1184): CodeIgniter\View\View->render('movie-detail', [], true)
 5 APPPATH\Controllers\Movies.php(46): view('movie-detail', [])
 6 SYSTEMPATH\CodeIgniter.php(934): App\Controllers\Movies->details()
 7 SYSTEMPATH\CodeIgniter.php(499): CodeIgniter\CodeIgniter->runController(Object(App\Controllers\Movies))
 8 SYSTEMPATH\CodeIgniter.php(368): CodeIgniter\CodeIgniter->handleRequest(null, Object(Config\Cache), false)
 9 FCPATH\index.php(67): CodeIgniter\CodeIgniter->run()
CRITICAL - 2023-03-11 12:37:56 --> Undefined array key "genre"
in APPPATH\Views\movie-detail.php on line 30.
 1 APPPATH\Views\movie-detail.php(30): CodeIgniter\Debug\Exceptions->errorHandler(2, 'Undefined array key "genre"', 'APPPATH\\Views\\movie-detail.php', 30)
 2 SYSTEMPATH\View\View.php(213): include('APPPATH\\Views\\movie-detail.php')
 3 SYSTEMPATH\View\View.php(216): CodeIgniter\View\View->CodeIgniter\View\{closure}()
 4 SYSTEMPATH\Common.php(1184): CodeIgniter\View\View->render('movie-detail', [], true)
 5 APPPATH\Controllers\Movies.php(46): view('movie-detail', [...])
 6 SYSTEMPATH\CodeIgniter.php(934): App\Controllers\Movies->details()
 7 SYSTEMPATH\CodeIgniter.php(499): CodeIgniter\CodeIgniter->runController(Object(App\Controllers\Movies))
 8 SYSTEMPATH\CodeIgniter.php(368): CodeIgniter\CodeIgniter->handleRequest(null, Object(Config\Cache), false)
 9 FCPATH\index.php(67): CodeIgniter\CodeIgniter->run()
CRITICAL - 2023-03-11 12:43:09 --> Undefined array key "country"
in APPPATH\Views\movie-detail.php on line 31.
 1 APPPATH\Views\movie-detail.php(31): CodeIgniter\Debug\Exceptions->errorHandler(2, 'Undefined array key "country"', 'APPPATH\\Views\\movie-detail.php', 31)
 2 SYSTEMPATH\View\View.php(213): include('APPPATH\\Views\\movie-detail.php')
 3 SYSTEMPATH\View\View.php(216): CodeIgniter\View\View->CodeIgniter\View\{closure}()
 4 SYSTEMPATH\Common.php(1184): CodeIgniter\View\View->render('movie-detail', [], true)
 5 APPPATH\Controllers\Movies.php(46): view('movie-detail', [...])
 6 SYSTEMPATH\CodeIgniter.php(934): App\Controllers\Movies->details()
 7 SYSTEMPATH\CodeIgniter.php(499): CodeIgniter\CodeIgniter->runController(Object(App\Controllers\Movies))
 8 SYSTEMPATH\CodeIgniter.php(368): CodeIgniter\CodeIgniter->handleRequest(null, Object(Config\Cache), false)
 9 FCPATH\index.php(67): CodeIgniter\CodeIgniter->run()
CRITICAL - 2023-03-11 12:43:49 --> Undefined array key "country"
in APPPATH\Views\movie-detail.php on line 152.
 1 APPPATH\Views\movie-detail.php(152): CodeIgniter\Debug\Exceptions->errorHandler(2, 'Undefined array key "country"', 'APPPATH\\Views\\movie-detail.php', 152)
 2 SYSTEMPATH\View\View.php(213): include('APPPATH\\Views\\movie-detail.php')
 3 SYSTEMPATH\View\View.php(216): CodeIgniter\View\View->CodeIgniter\View\{closure}()
 4 SYSTEMPATH\Common.php(1184): CodeIgniter\View\View->render('movie-detail', [], true)
 5 APPPATH\Controllers\Movies.php(46): view('movie-detail', [...])
 6 SYSTEMPATH\CodeIgniter.php(934): App\Controllers\Movies->details()
 7 SYSTEMPATH\CodeIgniter.php(499): CodeIgniter\CodeIgniter->runController(Object(App\Controllers\Movies))
 8 SYSTEMPATH\CodeIgniter.php(368): CodeIgniter\CodeIgniter->handleRequest(null, Object(Config\Cache), false)
 9 FCPATH\index.php(67): CodeIgniter\CodeIgniter->run()
