CRITICAL - 2023-02-27 10:53:32 --> Undefined property: App\Controllers\Admin::$load
in APPPATH\Controllers\Admin.php on line 159.
 1 APPPATH\Controllers\Admin.php(159): CodeIgniter\Debug\Exceptions->errorHandler(2, 'Undefined property: App\\Controllers\\Admin::$load', 'APPPATH\\Controllers\\Admin.php', 159)
 2 SYSTEMPATH\CodeIgniter.php(934): App\Controllers\Admin->signup()
 3 SYSTEMPATH\CodeIgniter.php(499): CodeIgniter\CodeIgniter->runController(Object(App\Controllers\Admin))
 4 SYSTEMPATH\CodeIgniter.php(368): CodeIgniter\CodeIgniter->handleRequest(null, Object(Config\Cache), false)
 5 FCPATH\index.php(67): CodeIgniter\CodeIgniter->run()
CRITICAL - 2023-02-27 10:59:10 --> CodeIgniter\Router\RouteCollection::map(): Argument #2 ($options) must be of type ?array, string given, called in C:\xampp8.2\htdocs\movies\app\Config\Routes.php on line 51
in SYSTEMPATH\Router\RouteCollection.php on line 567.
 1 APPPATH\Config\Routes.php(51): CodeIgniter\Router\RouteCollection->map([...], '/signup', 'Admin::signup')
 2 SYSTEMPATH\Router\RouteCollection.php(267): require('APPPATH\\Config\\Routes.php')
 3 SYSTEMPATH\CodeIgniter.php(802): CodeIgniter\Router\RouteCollection->loadRoutes()
 4 SYSTEMPATH\CodeIgniter.php(449): CodeIgniter\CodeIgniter->tryToRouteIt(null)
 5 SYSTEMPATH\CodeIgniter.php(368): CodeIgniter\CodeIgniter->handleRequest(null, Object(Config\Cache), false)
 6 FCPATH\index.php(67): CodeIgniter\CodeIgniter->run()
CRITICAL - 2023-02-27 11:01:33 --> CodeIgniter\Router\RouteCollection::map(): Argument #2 ($options) must be of type ?array, string given, called in C:\xampp8.2\htdocs\movies\app\Config\Routes.php on line 51
in SYSTEMPATH\Router\RouteCollection.php on line 567.
 1 APPPATH\Config\Routes.php(51): CodeIgniter\Router\RouteCollection->map([...], '/signup', 'Admin::signup', [...])
 2 SYSTEMPATH\Router\RouteCollection.php(267): require('APPPATH\\Config\\Routes.php')
 3 SYSTEMPATH\CodeIgniter.php(802): CodeIgniter\Router\RouteCollection->loadRoutes()
 4 SYSTEMPATH\CodeIgniter.php(449): CodeIgniter\CodeIgniter->tryToRouteIt(null)
 5 SYSTEMPATH\CodeIgniter.php(368): CodeIgniter\CodeIgniter->handleRequest(null, Object(Config\Cache), false)
 6 FCPATH\index.php(67): CodeIgniter\CodeIgniter->run()
CRITICAL - 2023-02-27 11:01:35 --> CodeIgniter\Router\RouteCollection::map(): Argument #2 ($options) must be of type ?array, string given, called in C:\xampp8.2\htdocs\movies\app\Config\Routes.php on line 51
in SYSTEMPATH\Router\RouteCollection.php on line 567.
 1 APPPATH\Config\Routes.php(51): CodeIgniter\Router\RouteCollection->map([...], '/signup', 'Admin::signup', [...])
 2 SYSTEMPATH\Router\RouteCollection.php(267): require('APPPATH\\Config\\Routes.php')
 3 SYSTEMPATH\CodeIgniter.php(802): CodeIgniter\Router\RouteCollection->loadRoutes()
 4 SYSTEMPATH\CodeIgniter.php(449): CodeIgniter\CodeIgniter->tryToRouteIt(null)
 5 SYSTEMPATH\CodeIgniter.php(368): CodeIgniter\CodeIgniter->handleRequest(null, Object(Config\Cache), false)
 6 FCPATH\index.php(67): CodeIgniter\CodeIgniter->run()
CRITICAL - 2023-02-27 11:04:56 --> password_hash(): Argument #2 ($algo) must be a valid password hashing algorithm
in APPPATH\Controllers\Admin.php on line 130.
 1 APPPATH\Controllers\Admin.php(130): password_hash(Object(SensitiveParameterValue), '123123123')
 2 SYSTEMPATH\CodeIgniter.php(934): App\Controllers\Admin->signup()
 3 SYSTEMPATH\CodeIgniter.php(499): CodeIgniter\CodeIgniter->runController(Object(App\Controllers\Admin))
 4 SYSTEMPATH\CodeIgniter.php(368): CodeIgniter\CodeIgniter->handleRequest(null, Object(Config\Cache), false)
 5 FCPATH\index.php(67): CodeIgniter\CodeIgniter->run()
CRITICAL - 2023-02-27 11:07:09 --> password_hash(): Argument #2 ($algo) must be a valid password hashing algorithm
in APPPATH\Controllers\Admin.php on line 130.
 1 APPPATH\Controllers\Admin.php(130): password_hash(Object(SensitiveParameterValue), 'mysceret')
 2 SYSTEMPATH\CodeIgniter.php(934): App\Controllers\Admin->signup()
 3 SYSTEMPATH\CodeIgniter.php(499): CodeIgniter\CodeIgniter->runController(Object(App\Controllers\Admin))
 4 SYSTEMPATH\CodeIgniter.php(368): CodeIgniter\CodeIgniter->handleRequest(null, Object(Config\Cache), false)
 5 FCPATH\index.php(67): CodeIgniter\CodeIgniter->run()
ERROR - 2023-02-27 11:15:07 --> Error connecting to the database: mysqli_sql_exception: Access denied for user ''@'localhost' (using password: NO) in C:\xampp8.2\htdocs\movies\system\Database\MySQLi\Connection.php:173
Stack trace:
#0 C:\xampp8.2\htdocs\movies\system\Database\MySQLi\Connection.php(173): mysqli->real_connect('localhost', '', Object(SensitiveParameterValue), '', 3306, '', 0)
#1 C:\xampp8.2\htdocs\movies\system\Database\BaseConnection.php(391): CodeIgniter\Database\MySQLi\Connection->connect(false)
#2 C:\xampp8.2\htdocs\movies\system\Database\BaseConnection.php(573): CodeIgniter\Database\BaseConnection->initialize()
#3 C:\xampp8.2\htdocs\movies\system\Database\BaseBuilder.php(2309): CodeIgniter\Database\BaseConnection->query('INSERT INTO `us...', Array, false)
#4 C:\xampp8.2\htdocs\movies\system\Model.php(330): CodeIgniter\Database\BaseBuilder->insert()
#5 C:\xampp8.2\htdocs\movies\system\BaseModel.php(782): CodeIgniter\Model->doInsert(Array)
#6 C:\xampp8.2\htdocs\movies\system\Model.php(730): CodeIgniter\BaseModel->insert(Array, true)
#7 C:\xampp8.2\htdocs\movies\app\Controllers\Admin.php(134): CodeIgniter\Model->insert(Array)
#8 C:\xampp8.2\htdocs\movies\system\CodeIgniter.php(934): App\Controllers\Admin->signup()
#9 C:\xampp8.2\htdocs\movies\system\CodeIgniter.php(499): CodeIgniter\CodeIgniter->runController(Object(App\Controllers\Admin))
#10 C:\xampp8.2\htdocs\movies\system\CodeIgniter.php(368): CodeIgniter\CodeIgniter->handleRequest(NULL, Object(Config\Cache), false)
#11 C:\xampp8.2\htdocs\movies\public\index.php(67): CodeIgniter\CodeIgniter->run()
#12 {main}

Next CodeIgniter\Database\Exceptions\DatabaseException: Access denied for user ''@'localhost' (using password: NO) in C:\xampp8.2\htdocs\movies\system\Database\MySQLi\Connection.php:218
Stack trace:
#0 C:\xampp8.2\htdocs\movies\system\Database\BaseConnection.php(391): CodeIgniter\Database\MySQLi\Connection->connect(false)
#1 C:\xampp8.2\htdocs\movies\system\Database\BaseConnection.php(573): CodeIgniter\Database\BaseConnection->initialize()
#2 C:\xampp8.2\htdocs\movies\system\Database\BaseBuilder.php(2309): CodeIgniter\Database\BaseConnection->query('INSERT INTO `us...', Array, false)
#3 C:\xampp8.2\htdocs\movies\system\Model.php(330): CodeIgniter\Database\BaseBuilder->insert()
#4 C:\xampp8.2\htdocs\movies\system\BaseModel.php(782): CodeIgniter\Model->doInsert(Array)
#5 C:\xampp8.2\htdocs\movies\system\Model.php(730): CodeIgniter\BaseModel->insert(Array, true)
#6 C:\xampp8.2\htdocs\movies\app\Controllers\Admin.php(134): CodeIgniter\Model->insert(Array)
#7 C:\xampp8.2\htdocs\movies\system\CodeIgniter.php(934): App\Controllers\Admin->signup()
#8 C:\xampp8.2\htdocs\movies\system\CodeIgniter.php(499): CodeIgniter\CodeIgniter->runController(Object(App\Controllers\Admin))
#9 C:\xampp8.2\htdocs\movies\system\CodeIgniter.php(368): CodeIgniter\CodeIgniter->handleRequest(NULL, Object(Config\Cache), false)
#10 C:\xampp8.2\htdocs\movies\public\index.php(67): CodeIgniter\CodeIgniter->run()
#11 {main}
CRITICAL - 2023-02-27 11:15:07 --> Unable to connect to the database.
Main connection [MySQLi]: Access denied for user ''@'localhost' (using password: NO)
in SYSTEMPATH\Database\BaseConnection.php on line 427.
 1 SYSTEMPATH\Database\BaseConnection.php(573): CodeIgniter\Database\BaseConnection->initialize()
 2 SYSTEMPATH\Database\BaseBuilder.php(2309): CodeIgniter\Database\BaseConnection->query('INSERT INTO `users` (`last_name`, `username`, `email`, `password`, `role`) VALUES (:last_name:, :username:, :email:, :password:, :role:)', [...], false)
 3 SYSTEMPATH\Model.php(330): CodeIgniter\Database\BaseBuilder->insert()
 4 SYSTEMPATH\BaseModel.php(782): CodeIgniter\Model->doInsert([...])
 5 SYSTEMPATH\Model.php(730): CodeIgniter\BaseModel->insert([...], true)
 6 APPPATH\Controllers\Admin.php(134): CodeIgniter\Model->insert([...])
 7 SYSTEMPATH\CodeIgniter.php(934): App\Controllers\Admin->signup()
 8 SYSTEMPATH\CodeIgniter.php(499): CodeIgniter\CodeIgniter->runController(Object(App\Controllers\Admin))
 9 SYSTEMPATH\CodeIgniter.php(368): CodeIgniter\CodeIgniter->handleRequest(null, Object(Config\Cache), false)
10 FCPATH\index.php(67): CodeIgniter\CodeIgniter->run()
CRITICAL - 2023-02-27 11:30:49 --> syntax error, unexpected variable "$data"
in APPPATH\Controllers\Admin.php on line 113.
 1 SYSTEMPATH\Autoloader\Autoloader.php(289): CodeIgniter\Autoloader\Autoloader->includeFile('APPPATH\\Controllers\\Admin.php')
 2 SYSTEMPATH\Autoloader\Autoloader.php(267): CodeIgniter\Autoloader\Autoloader->loadInNamespace('App\\Controllers\\Admin')
 3 [internal function]: CodeIgniter\Autoloader\Autoloader->loadClass('App\\Controllers\\Admin')
 4 SYSTEMPATH\CodeIgniter.php(892): class_exists('\\App\\Controllers\\Admin', true)
 5 SYSTEMPATH\CodeIgniter.php(486): CodeIgniter\CodeIgniter->startController()
 6 SYSTEMPATH\CodeIgniter.php(368): CodeIgniter\CodeIgniter->handleRequest(null, Object(Config\Cache), false)
 7 FCPATH\index.php(67): CodeIgniter\CodeIgniter->run()
CRITICAL - 2023-02-27 11:44:47 --> The route for "http://localhost/movies/public/dashboard" cannot be found.
in SYSTEMPATH\HTTP\RedirectResponse.php on line 60.
 1 SYSTEMPATH\HTTP\RedirectResponse.php(60): CodeIgniter\HTTP\Exceptions\HTTPException::forInvalidRedirectRoute('http://localhost/movies/public/dashboard')
 2 SYSTEMPATH\Common.php(880): CodeIgniter\HTTP\RedirectResponse->route(false)
 3 APPPATH\Controllers\Admin.php(38): redirect('http://localhost/movies/public/dashboard')
 4 SYSTEMPATH\CodeIgniter.php(934): App\Controllers\Admin->login()
 5 SYSTEMPATH\CodeIgniter.php(499): CodeIgniter\CodeIgniter->runController(Object(App\Controllers\Admin))
 6 SYSTEMPATH\CodeIgniter.php(368): CodeIgniter\CodeIgniter->handleRequest(null, Object(Config\Cache), false)
 7 FCPATH\index.php(67): CodeIgniter\CodeIgniter->run()
CRITICAL - 2023-02-27 11:48:52 --> Undefined variable $session
in APPPATH\Controllers\Admin.php on line 42.
 1 APPPATH\Controllers\Admin.php(42): CodeIgniter\Debug\Exceptions->errorHandler(2, 'Undefined variable $session', 'APPPATH\\Controllers\\Admin.php', 42)
 2 SYSTEMPATH\CodeIgniter.php(934): App\Controllers\Admin->login()
 3 SYSTEMPATH\CodeIgniter.php(499): CodeIgniter\CodeIgniter->runController(Object(App\Controllers\Admin))
 4 SYSTEMPATH\CodeIgniter.php(368): CodeIgniter\CodeIgniter->handleRequest(null, Object(Config\Cache), false)
 5 FCPATH\index.php(67): CodeIgniter\CodeIgniter->run()
