CRITICAL - 2023-03-19 08:54:01 --> Undefined variable $title
in APPPATH\Views\movie-grid.php on line 9.
 1 APPPATH\Views\movie-grid.php(9): CodeIgniter\Debug\Exceptions->errorHandler(2, 'Undefined variable $title', 'APPPATH\\Views\\movie-grid.php', 9)
 2 SYSTEMPATH\View\View.php(213): include('APPPATH\\Views\\movie-grid.php')
 3 SYSTEMPATH\View\View.php(216): CodeIgniter\View\View->CodeIgniter\View\{closure}()
 4 SYSTEMPATH\Common.php(1184): CodeIgniter\View\View->render('movie-grid', [], true)
 5 APPPATH\Controllers\Movies.php(29): view('movie-grid')
 6 SYSTEMPATH\CodeIgniter.php(934): App\Controllers\Movies->mostwatched()
 7 SYSTEMPATH\CodeIgniter.php(499): CodeIgniter\CodeIgniter->runController(Object(App\Controllers\Movies))
 8 SYSTEMPATH\CodeIgniter.php(368): CodeIgniter\CodeIgniter->handleRequest(null, Object(Config\Cache), false)
 9 FCPATH\index.php(67): CodeIgniter\CodeIgniter->run()
CRITICAL - 2023-03-19 08:54:13 --> Undefined variable $title
in APPPATH\Views\movie-grid.php on line 9.
 1 APPPATH\Views\movie-grid.php(9): CodeIgniter\Debug\Exceptions->errorHandler(2, 'Undefined variable $title', 'APPPATH\\Views\\movie-grid.php', 9)
 2 SYSTEMPATH\View\View.php(213): include('APPPATH\\Views\\movie-grid.php')
 3 SYSTEMPATH\View\View.php(216): CodeIgniter\View\View->CodeIgniter\View\{closure}()
 4 SYSTEMPATH\Common.php(1184): CodeIgniter\View\View->render('movie-grid', [], true)
 5 APPPATH\Controllers\Movies.php(13): view('movie-grid')
 6 SYSTEMPATH\CodeIgniter.php(934): App\Controllers\Movies->upcomming()
 7 SYSTEMPATH\CodeIgniter.php(499): CodeIgniter\CodeIgniter->runController(Object(App\Controllers\Movies))
 8 SYSTEMPATH\CodeIgniter.php(368): CodeIgniter\CodeIgniter->handleRequest(null, Object(Config\Cache), false)
 9 FCPATH\index.php(67): CodeIgniter\CodeIgniter->run()
CRITICAL - 2023-03-19 09:01:28 --> Undefined variable $title
in APPPATH\Views\movie-grid.php on line 9.
 1 APPPATH\Views\movie-grid.php(9): CodeIgniter\Debug\Exceptions->errorHandler(2, 'Undefined variable $title', 'APPPATH\\Views\\movie-grid.php', 9)
 2 SYSTEMPATH\View\View.php(213): include('APPPATH\\Views\\movie-grid.php')
 3 SYSTEMPATH\View\View.php(216): CodeIgniter\View\View->CodeIgniter\View\{closure}()
 4 SYSTEMPATH\Common.php(1184): CodeIgniter\View\View->render('movie-grid', [], true)
 5 APPPATH\Controllers\Movies.php(29): view('movie-grid')
 6 SYSTEMPATH\CodeIgniter.php(934): App\Controllers\Movies->mostwatched()
 7 SYSTEMPATH\CodeIgniter.php(499): CodeIgniter\CodeIgniter->runController(Object(App\Controllers\Movies))
 8 SYSTEMPATH\CodeIgniter.php(368): CodeIgniter\CodeIgniter->handleRequest(null, Object(Config\Cache), false)
 9 FCPATH\index.php(67): CodeIgniter\CodeIgniter->run()
CRITICAL - 2023-03-19 09:15:32 --> Undefined variable $title
in APPPATH\Views\movie-grid.php on line 9.
 1 APPPATH\Views\movie-grid.php(9): CodeIgniter\Debug\Exceptions->errorHandler(2, 'Undefined variable $title', 'APPPATH\\Views\\movie-grid.php', 9)
 2 SYSTEMPATH\View\View.php(213): include('APPPATH\\Views\\movie-grid.php')
 3 SYSTEMPATH\View\View.php(216): CodeIgniter\View\View->CodeIgniter\View\{closure}()
 4 SYSTEMPATH\Common.php(1184): CodeIgniter\View\View->render('movie-grid', [], true)
 5 APPPATH\Controllers\Movies.php(29): view('movie-grid')
 6 SYSTEMPATH\CodeIgniter.php(934): App\Controllers\Movies->mostwatched()
 7 SYSTEMPATH\CodeIgniter.php(499): CodeIgniter\CodeIgniter->runController(Object(App\Controllers\Movies))
 8 SYSTEMPATH\CodeIgniter.php(368): CodeIgniter\CodeIgniter->handleRequest(null, Object(Config\Cache), false)
 9 FCPATH\index.php(67): CodeIgniter\CodeIgniter->run()
CRITICAL - 2023-03-19 18:59:11 --> Undefined variable $title
in APPPATH\Views\movie-grid.php on line 9.
 1 APPPATH\Views\movie-grid.php(9): CodeIgniter\Debug\Exceptions->errorHandler(2, 'Undefined variable $title', 'APPPATH\\Views\\movie-grid.php', 9)
 2 SYSTEMPATH\View\View.php(213): include('APPPATH\\Views\\movie-grid.php')
 3 SYSTEMPATH\View\View.php(216): CodeIgniter\View\View->CodeIgniter\View\{closure}()
 4 SYSTEMPATH\Common.php(1184): CodeIgniter\View\View->render('movie-grid', [], true)
 5 APPPATH\Controllers\Movies.php(19): view('movie-grid')
 6 SYSTEMPATH\CodeIgniter.php(934): App\Controllers\Movies->latest()
 7 SYSTEMPATH\CodeIgniter.php(499): CodeIgniter\CodeIgniter->runController(Object(App\Controllers\Movies))
 8 SYSTEMPATH\CodeIgniter.php(368): CodeIgniter\CodeIgniter->handleRequest(null, Object(Config\Cache), false)
 9 FCPATH\index.php(67): CodeIgniter\CodeIgniter->run()
CRITICAL - 2023-03-19 19:01:47 --> Undefined variable $title
in APPPATH\Views\movie-grid.php on line 9.
 1 APPPATH\Views\movie-grid.php(9): CodeIgniter\Debug\Exceptions->errorHandler(2, 'Undefined variable $title', 'APPPATH\\Views\\movie-grid.php', 9)
 2 SYSTEMPATH\View\View.php(213): include('APPPATH\\Views\\movie-grid.php')
 3 SYSTEMPATH\View\View.php(216): CodeIgniter\View\View->CodeIgniter\View\{closure}()
 4 SYSTEMPATH\Common.php(1184): CodeIgniter\View\View->render('movie-grid', [], true)
 5 APPPATH\Controllers\Movies.php(13): view('movie-grid')
 6 SYSTEMPATH\CodeIgniter.php(934): App\Controllers\Movies->upcomming()
 7 SYSTEMPATH\CodeIgniter.php(499): CodeIgniter\CodeIgniter->runController(Object(App\Controllers\Movies))
 8 SYSTEMPATH\CodeIgniter.php(368): CodeIgniter\CodeIgniter->handleRequest(null, Object(Config\Cache), false)
 9 FCPATH\index.php(67): CodeIgniter\CodeIgniter->run()
